<?xml version="1.0" encoding="UTF-8"?>
<!-- Generated by org.testng.reporters.JUnitReportReporter -->
<testsuite skipped="1" hostname="Snowbell" name="test.ValidateTest" tests="2" failures="0" timestamp="04 Jan 2022 15:15:03 GMT" time="19.310" errors="0">
  <testcase name="Test1" time="19.310" classname="test.ValidateTest"/>
  <testcase name="Test2" classname="test.ValidateTest">
    <skipped/>
  </testcase> <!-- Test2 -->
</testsuite> <!-- test.ValidateTest -->
